<?xml version="1.0" encoding="UTF-8"?>
<testsuite name="BinaryFileOutputTest" tests="3" skipped="0" failures="0" errors="0" timestamp="2018-01-01T16:14:32" hostname="onnin-fuxxilaite" time="0.002">
  <properties/>
  <testcase name="writeBit" classname="BinaryFileOutputTest" time="0.002"/>
  <testcase name="writeBinaryString" classname="BinaryFileOutputTest" time="0.0"/>
  <testcase name="write8bitInt" classname="BinaryFileOutputTest" time="0.0"/>
  <system-out><![CDATA[]]></system-out>
  <system-err><![CDATA[]]></system-err>
</testsuite>
