<?xml version="1.0" encoding="UTF-8"?>
<testsuite name="HuffNodeTest" tests="6" skipped="0" failures="0" errors="0" timestamp="2018-01-01T16:14:31" hostname="onnin-fuxxilaite" time="0.01">
  <properties/>
  <testcase name="compareTo" classname="HuffNodeTest" time="0.006"/>
  <testcase name="getKey" classname="HuffNodeTest" time="0.0"/>
  <testcase name="getFreq" classname="HuffNodeTest" time="0.0"/>
  <testcase name="getLeft" classname="HuffNodeTest" time="0.0"/>
  <testcase name="join" classname="HuffNodeTest" time="0.0"/>
  <testcase name="getRight" classname="HuffNodeTest" time="0.0"/>
  <system-out><![CDATA[]]></system-out>
  <system-err><![CDATA[]]></system-err>
</testsuite>
